app/build/outputs/mapping/release/mapping.txt
com.nikhilparanjape.parksandrec.AgendaPage -> com.nikhilparanjape.parksandrec.AgendaPage:
    void onCreate(android.os.Bundle) -> onCreate
com.nikhilparanjape.parksandrec.AgendaPage$1 -> com.nikhilparanjape.parksandrec.a:
    com.nikhilparanjape.parksandrec.AgendaPage this$0 -> a
    void onPageFinished(android.webkit.WebView,java.lang.String) -> onPageFinished
com.nikhilparanjape.parksandrec.CheckNetwork -> com.nikhilparanjape.parksandrec.b:
    java.lang.String TAG -> a
    boolean isInternetAvailable(android.content.Context) -> a
com.nikhilparanjape.parksandrec.MainScreenActivity -> com.nikhilparanjape.parksandrec.MainScreenActivity:
    android.app.ProgressDialog progress -> a
    boolean doubleBackToExitPressedOnce -> b
    void onCreate(android.os.Bundle) -> onCreate
    boolean onCreateOptionsMenu(android.view.Menu) -> onCreateOptionsMenu
    boolean onOptionsItemSelected(android.view.MenuItem) -> onOptionsItemSelected
    void openSchedule(android.view.View) -> openSchedule
    void showError(android.view.View) -> showError
    void openAgenda(android.view.View) -> openAgenda
    void startAgenda(android.view.View) -> startAgenda
    void dismissLoadingDialog() -> a
    void callPandr(android.view.View) -> callPandr
    void onResume() -> onResume
    void onBackPressed() -> onBackPressed
com.nikhilparanjape.parksandrec.SchedulePage -> com.nikhilparanjape.parksandrec.SchedulePage:
    void onCreate(android.os.Bundle) -> onCreate
    void showError(android.view.View) -> showError
    boolean onCreateOptionsMenu(android.view.Menu) -> onCreateOptionsMenu
    boolean onOptionsItemSelected(android.view.MenuItem) -> onOptionsItemSelected
    void mainSchedule(java.lang.String) -> a
    void poolSchedule(android.view.View) -> poolSchedule
    void gymSchedule(android.view.View) -> gymSchedule
    void groupSchedule(android.view.View) -> groupSchedule
    void premGroupSchedule(android.view.View) -> premGroupSchedule
    void privateSchedule(android.view.View) -> privateSchedule
    void testSchedule(android.view.View) -> testSchedule
    void copyFile(java.io.InputStream,java.io.OutputStream) -> a
com.nikhilparanjape.parksandrec.SettingsPage -> com.nikhilparanjape.parksandrec.SettingsPage:
    void onCreate(android.os.Bundle) -> onCreate
...
android.support.v4.app.FragmentManagerState$1 -> android.support.v4.app.q:
    android.support.v4.app.FragmentManagerState createFromParcel(android.os.Parcel) -> a
    android.support.v4.app.FragmentManagerState[] newArray(int) -> a
    java.lang.Object[] newArray(int) -> newArray
    java.lang.Object createFromParcel(android.os.Parcel) -> createFromParcel
android.support.v4.app.FragmentState -> android.support.v4.app.FragmentState:
    java.lang.String mClassName -> a
    int mIndex -> b
    boolean mFromLayout -> c
    int mFragmentId -> d
    int mContainerId -> e
    java.lang.String mTag -> f
    boolean mRetainInstance -> g
    boolean mDetached -> h
    android.os.Bundle mArguments -> i
    android.os.Bundle mSavedFragmentState -> j
    android.support.v4.app.Fragment mInstance -> k
    android.os.Parcelable$Creator CREATOR -> CREATOR
    android.support.v4.app.Fragment instantiate(android.support.v4.app.FragmentActivity,android.support.v4.app.Fragment) -> a
    int describeContents() -> describeContents
    void writeToParcel(android.os.Parcel,int) -> writeToParcel
android.support.v4.app.FragmentState$1 -> android.support.v4.app.r:
    android.support.v4.app.FragmentState createFromParcel(android.os.Parcel) -> a
    android.support.v4.app.FragmentState[] newArray(int) -> a
    java.lang.Object[] newArray(int) -> newArray
    java.lang.Object createFromParcel(android.os.Parcel) -> createFromParcel
android.support.v4.app.FragmentTabHost -> android.support.v4.app.FragmentTabHost:
    java.util.ArrayList mTabs -> a
    android.content.Context mContext -> b
    android.support.v4.app.FragmentManager mFragmentManager -> c
    int mContainerId -> d
    android.widget.TabHost$OnTabChangeListener mOnTabChangeListener -> e
    android.support.v4.app.FragmentTabHost$TabInfo mLastTab -> f
    boolean mAttached -> g
    void setup() -> setup
    void setOnTabChangedListener(android.widget.TabHost$OnTabChangeListener) -> setOnTabChangedListener
    void onAttachedToWindow() -> onAttachedToWindow
    void onDetachedFromWindow() -> onDetachedFromWindow
    android.os.Parcelable onSaveInstanceState() -> onSaveInstanceState
    void onRestoreInstanceState(android.os.Parcelable) -> onRestoreInstanceState
    void onTabChanged(java.lang.String) -> onTabChanged
    android.support.v4.app.FragmentTransaction doTabChanged(java.lang.String,android.support.v4.app.FragmentTransaction) -> a
android.support.v4.app.FragmentTabHost$1 -> android.support.v4.app.s:
android.support.v4.app.FragmentTabHost$SavedState -> android.support.v4.app.FragmentTabHost$SavedState:
    java.lang.String curTab -> a
    android.os.Parcelable$Creator CREATOR -> CREATOR
    void writeToParcel(android.os.Parcel,int) -> writeToParcel
    java.lang.String toString() -> toString
android.support.v4.app.FragmentTabHost$SavedState$1 -> android.support.v4.app.t:
    android.support.v4.app.FragmentTabHost$SavedState createFromParcel(android.os.Parcel) -> a
    android.support.v4.app.FragmentTabHost$SavedState[] newArray(int) -> a
    java.lang.Object[] newArray(int) -> newArray
    java.lang.Object createFromParcel(android.os.Parcel) -> createFromParcel
android.support.v4.app.FragmentTabHost$TabInfo -> android.support.v4.app.u:
    java.lang.String tag -> a
    java.lang.Class clss -> b
    android.os.Bundle args -> c
    android.support.v4.app.Fragment fragment -> d
    android.support.v4.app.Fragment access$102(android.support.v4.app.FragmentTabHost$TabInfo,android.support.v4.app.Fragment) -> a
    android.support.v4.app.Fragment access$100(android.support.v4.app.FragmentTabHost$TabInfo) -> a
    java.lang.String access$200(android.support.v4.app.FragmentTabHost$TabInfo) -> b
    java.lang.Class access$300(android.support.v4.app.FragmentTabHost$TabInfo) -> c
    android.os.Bundle access$400(android.support.v4.app.FragmentTabHost$TabInfo) -> d